{
  message: "Erro ao cadastrar usuário: Table 'pizzaria.users' doesn't exist",
  level: 'error',
  timestamp: '2025-04-10T00:26:18.695Z'
}
{
  message: 'Erro ao fazer login: secretOrPrivateKey must have a value',
  level: 'error',
  timestamp: '2025-04-10T00:30:28.653Z'
}
{
  message: 'Erro ao cadastrar usuário: Email já cadastrado.',
  level: 'error',
  timestamp: '2025-04-10T00:32:08.932Z'
}
{
  message: 'Erro de autenticação: jwt malformed',
  level: 'error',
  timestamp: '2025-04-10T00:32:34.029Z'
}
{
  message: 'Erro de autenticação: jwt malformed',
  level: 'error',
  timestamp: '2025-04-10T00:33:40.646Z'
}
{
  message: 'Erro ao cadastrar usuário: Email inválido.',
  level: 'error',
  timestamp: '2025-04-10T00:36:15.669Z'
}
{
  message: 'Erro ao cadastrar usuário: Email inválido.',
  level: 'error',
  timestamp: '2025-04-10T00:36:32.775Z'
}
{
  message: 'Erro de autenticação: jwt malformed',
  level: 'error',
  timestamp: '2025-04-10T00:37:55.630Z'
}
{
  message: 'Erro ao cadastrar usuário: connect ECONNREFUSED 127.0.0.1:587',
  level: 'error',
  timestamp: '2025-04-24T00:14:22.759Z'
}
{
  message: 'Erro ao cadastrar usuário: connect ECONNREFUSED 127.0.0.1:587',
  level: 'error',
  timestamp: '2025-04-24T00:42:41.654Z'
}
{
  message: 'Erro ao cadastrar usuário: Email já cadastrado.',
  level: 'error',
  timestamp: '2025-04-24T00:50:21.970Z'
}
{
  message: 'Erro ao cadastrar usuário: Data command failed: 421 Domain sandbox445d38dccb3b4b61ab76d66e94b215d4.mailgun.org is not allowed to send: Free accounts are for test purposes only. Please upgrade or add the address to your authorized recipients.',
  level: 'error',
  timestamp: '2025-04-24T00:51:16.049Z'
}
{
  message: 'Erro ao cadastrar usuário: Email já cadastrado.',
  level: 'error',
  timestamp: '2025-04-24T01:00:15.031Z'
}
{
  message: 'Erro ao cadastrar usuário: Email já cadastrado.',
  level: 'error',
  timestamp: '2025-04-24T01:00:46.542Z'
}
{
  message: 'Erro ao cadastrar usuário: Email já cadastrado.',
  level: 'error',
  timestamp: '2025-04-24T01:00:46.876Z'
}
{
  message: 'Erro ao cadastrar usuário: Email já cadastrado.',
  level: 'error',
  timestamp: '2025-04-24T01:03:41.144Z'
}
{
  message: 'Erro ao cadastrar usuário: Email já cadastrado.',
  level: 'error',
  timestamp: '2025-04-24T01:03:54.499Z'
}
{
  message: "Erro no cadastro: Column 'bairro' cannot be null",
  level: 'error',
  timestamp: '2025-05-11T01:40:09.649Z'
}
{
  message: "Erro ao cadastrar usuário: Column 'bairro' cannot be null",
  level: 'error',
  timestamp: '2025-05-11T01:40:09.692Z'
}
{
  message: "Erro no cadastro: Column 'bairro' cannot be null",
  level: 'error',
  timestamp: '2025-05-11T01:40:10.252Z'
}
{
  message: "Erro ao cadastrar usuário: Column 'bairro' cannot be null",
  level: 'error',
  timestamp: '2025-05-11T01:40:10.253Z'
}
{
  message: "Erro no cadastro: Column 'bairro' cannot be null",
  level: 'error',
  timestamp: '2025-05-11T01:44:35.548Z'
}
{
  message: "Erro ao cadastrar usuário: Column 'bairro' cannot be null",
  level: 'error',
  timestamp: '2025-05-11T01:44:35.549Z'
}
{
  message: "Erro no cadastro: Column 'bairro' cannot be null",
  level: 'error',
  timestamp: '2025-05-11T01:45:41.272Z'
}
{
  message: "Erro ao cadastrar usuário: Column 'bairro' cannot be null",
  level: 'error',
  timestamp: '2025-05-11T01:45:41.276Z'
}
{
  message: "Erro no cadastro: Column 'bairro' cannot be null",
  level: 'error',
  timestamp: '2025-05-11T01:48:59.476Z'
}
{
  message: "Erro ao cadastrar usuário: Column 'bairro' cannot be null",
  level: 'error',
  timestamp: '2025-05-11T01:48:59.479Z'
}
{
  message: 'Erro no cadastro: Email já cadastrado.',
  level: 'error',
  timestamp: '2025-05-11T02:01:49.167Z'
}
{
  message: 'Erro ao cadastrar usuário: Email já cadastrado.',
  level: 'error',
  timestamp: '2025-05-11T02:01:49.168Z'
}
{
  message: 'Erro no cadastro: Email já cadastrado.',
  level: 'error',
  timestamp: '2025-05-11T02:11:28.872Z'
}
{
  message: 'Erro ao cadastrar usuário: Email já cadastrado.',
  level: 'error',
  timestamp: '2025-05-11T02:11:28.880Z'
}
{
  message: "Erro no cadastro: Field 'tipo_endereco' doesn't have a default value",
  level: 'error',
  timestamp: '2025-05-11T02:11:44.938Z'
}
{
  message: "Erro ao cadastrar usuário: Field 'tipo_endereco' doesn't have a default value",
  level: 'error',
  timestamp: '2025-05-11T02:11:44.939Z'
}
{
  message: "Erro no cadastro: Unknown column 'senha' in 'field list'",
  level: 'error',
  timestamp: '2025-05-11T02:13:07.036Z'
}
{
  message: "Erro ao cadastrar usuário: Unknown column 'senha' in 'field list'",
  level: 'error',
  timestamp: '2025-05-11T02:13:07.037Z'
}
{
  message: "Erro no cadastro: Field 'tipo_endereco' doesn't have a default value",
  level: 'error',
  timestamp: '2025-05-12T22:31:32.680Z'
}
{
  message: "Erro ao cadastrar usuário: Field 'tipo_endereco' doesn't have a default value",
  level: 'error',
  timestamp: '2025-05-12T22:31:32.686Z'
}
{
  message: "Erro no cadastro: Field 'tipo_endereco' doesn't have a default value",
  level: 'error',
  timestamp: '2025-05-12T22:37:35.073Z'
}
{
  message: "Erro ao cadastrar usuário: Field 'tipo_endereco' doesn't have a default value",
  level: 'error',
  timestamp: '2025-05-12T22:37:35.074Z'
}
{
  message: "Erro no cadastro: Field 'tipo_endereco' doesn't have a default value",
  level: 'error',
  timestamp: '2025-05-12T22:38:53.584Z'
}
{
  message: "Erro ao cadastrar usuário: Field 'tipo_endereco' doesn't have a default value",
  level: 'error',
  timestamp: '2025-05-12T22:38:53.587Z'
}
{
  message: "Erro no cadastro: Unknown column 'senha' in 'field list'",
  level: 'error',
  timestamp: '2025-05-12T22:39:30.237Z'
}
{
  message: "Erro ao cadastrar usuário: Unknown column 'senha' in 'field list'",
  level: 'error',
  timestamp: '2025-05-12T22:39:30.240Z'
}
{
  message: "Erro no cadastro: Unknown column 'senha' in 'field list'",
  level: 'error',
  timestamp: '2025-05-12T22:40:25.541Z'
}
{
  message: "Erro ao cadastrar usuário: Unknown column 'senha' in 'field list'",
  level: 'error',
  timestamp: '2025-05-12T22:40:25.543Z'
}
{
  message: 'Erro no cadastro: Email já cadastrado.',
  level: 'error',
  timestamp: '2025-05-12T22:43:01.244Z'
}
{
  message: 'Erro ao cadastrar usuário: Email já cadastrado.',
  level: 'error',
  timestamp: '2025-05-12T22:43:01.246Z'
}
{
  message: 'Erro no login: secretOrPrivateKey must have a value',
  level: 'error',
  timestamp: '2025-05-13T00:27:30.884Z'
}
{
  message: 'Erro ao fazer login: secretOrPrivateKey must have a value',
  level: 'error',
  timestamp: '2025-05-13T00:27:30.886Z'
}
{
  message: 'Erro no login: Email ou senha incorretos.',
  level: 'error',
  timestamp: '2025-05-13T03:37:59.392Z'
}
{
  message: 'Erro ao fazer login: Email ou senha incorretos.',
  level: 'error',
  timestamp: '2025-05-13T03:37:59.395Z'
}
{
  message: 'Erro no login: secretOrPrivateKey must have a value',
  level: 'error',
  timestamp: '2025-05-13T03:39:15.034Z'
}
{
  message: 'Erro ao fazer login: secretOrPrivateKey must have a value',
  level: 'error',
  timestamp: '2025-05-13T03:39:15.035Z'
}
{
  message: 'Erro de autenticação: jwt expired',
  level: 'error',
  timestamp: '2025-05-14T18:10:09.270Z'
}
{
  message: 'Erro de autenticação: jwt expired',
  level: 'error',
  timestamp: '2025-05-15T03:39:33.429Z'
}
{
  message: 'Erro de autenticação: jwt expired',
  level: 'error',
  timestamp: '2025-05-15T04:44:28.104Z'
}
{
  message: "Erro no cadastro: Unknown column 'email' in 'where clause'",
  level: 'error',
  timestamp: '2025-05-15T22:55:51.705Z'
}
{
  message: "Erro ao cadastrar usuário: Unknown column 'email' in 'where clause'",
  level: 'error',
  timestamp: '2025-05-15T22:55:51.712Z'
}
{
  message: "Erro no cadastro: Data too long for column 'cep' at row 1",
  level: 'error',
  timestamp: '2025-05-15T23:00:37.170Z'
}
{
  message: "Erro ao cadastrar usuário: Data too long for column 'cep' at row 1",
  level: 'error',
  timestamp: '2025-05-15T23:00:37.176Z'
}
{
  message: "Erro no cadastro: Field 'tipo_endereco' doesn't have a default value",
  level: 'error',
  timestamp: '2025-05-15T23:02:19.511Z'
}
{
  message: "Erro ao cadastrar usuário: Field 'tipo_endereco' doesn't have a default value",
  level: 'error',
  timestamp: '2025-05-15T23:02:19.519Z'
}
{
  message: "Erro no cadastro: Unknown column 'senha' in 'field list'",
  level: 'error',
  timestamp: '2025-05-15T23:03:38.695Z'
}
{
  message: "Erro ao cadastrar usuário: Unknown column 'senha' in 'field list'",
  level: 'error',
  timestamp: '2025-05-15T23:03:38.702Z'
}
{
  message: "Erro no cadastro: Unknown column 'senha' in 'field list'",
  level: 'error',
  timestamp: '2025-05-15T23:04:29.384Z'
}
{
  message: "Erro ao cadastrar usuário: Unknown column 'senha' in 'field list'",
  level: 'error',
  timestamp: '2025-05-15T23:04:29.390Z'
}
{
  message: 'Erro no login: Email ou senha incorretos.',
  level: 'error',
  timestamp: '2025-05-15T23:06:22.472Z'
}
{
  message: 'Erro ao fazer login: Email ou senha incorretos.',
  level: 'error',
  timestamp: '2025-05-15T23:06:22.473Z'
}
{
  message: 'Erro no login: Email ou senha incorretos.',
  level: 'error',
  timestamp: '2025-05-15T23:06:47.326Z'
}
{
  message: 'Erro ao fazer login: Email ou senha incorretos.',
  level: 'error',
  timestamp: '2025-05-15T23:06:47.329Z'
}
{
  message: 'Erro no login: secretOrPrivateKey must have a value',
  level: 'error',
  timestamp: '2025-05-15T23:06:57.281Z'
}
{
  message: 'Erro ao fazer login: secretOrPrivateKey must have a value',
  level: 'error',
  timestamp: '2025-05-15T23:06:57.282Z'
}
{
  message: "Erro no cadastro: Field 'tipo_endereco' doesn't have a default value",
  level: 'error',
  timestamp: '2025-05-20T23:17:53.542Z'
}
{
  message: "Erro ao cadastrar usuário: Field 'tipo_endereco' doesn't have a default value",
  level: 'error',
  timestamp: '2025-05-20T23:17:53.546Z'
}
{
  message: "Erro no cadastro: Unknown column 'senha' in 'field list'",
  level: 'error',
  timestamp: '2025-05-20T23:19:02.484Z'
}
{
  message: "Erro ao cadastrar usuário: Unknown column 'senha' in 'field list'",
  level: 'error',
  timestamp: '2025-05-20T23:19:02.491Z'
}
{
  message: "Erro no cadastro: Unknown column 'senha' in 'field list'",
  level: 'error',
  timestamp: '2025-05-20T23:19:58.713Z'
}
{
  message: "Erro ao cadastrar usuário: Unknown column 'senha' in 'field list'",
  level: 'error',
  timestamp: '2025-05-20T23:19:58.720Z'
}
{
  message: 'Erro no login: secretOrPrivateKey must have a value',
  level: 'error',
  timestamp: '2025-05-20T23:21:56.164Z'
}
{
  message: 'Erro ao fazer login: secretOrPrivateKey must have a value',
  level: 'error',
  timestamp: '2025-05-20T23:21:56.164Z'
}
{
  message: "Erro no cadastro do cliente: Unknown column 'cpf' in 'field list'",
  level: 'error',
  timestamp: '2025-06-09T03:44:22.700Z'
}
{
  message: "Erro ao cadastrar usuário: Unknown column 'cpf' in 'field list'",
  level: 'error',
  timestamp: '2025-06-09T03:44:22.704Z'
}
{
  message: "Erro no cadastro do cliente: Column 'id_endereco' cannot be null",
  level: 'error',
  timestamp: '2025-06-09T03:46:01.642Z'
}
{
  message: "Erro ao cadastrar usuário: Column 'id_endereco' cannot be null",
  level: 'error',
  timestamp: '2025-06-09T03:46:18.406Z'
}
{
  message: "Erro no cadastro do cliente: Column 'id_endereco' cannot be null",
  level: 'error',
  timestamp: '2025-06-09T03:46:18.544Z'
}
{
  message: "Erro ao cadastrar usuário: Column 'id_endereco' cannot be null",
  level: 'error',
  timestamp: '2025-06-09T03:46:18.544Z'
}
{
  message: "Erro no cadastro do cliente: Column 'id_endereco' cannot be null",
  level: 'error',
  timestamp: '2025-06-09T03:46:18.547Z'
}
{
  message: "Erro ao cadastrar usuário: Column 'id_endereco' cannot be null",
  level: 'error',
  timestamp: '2025-06-09T03:46:18.547Z'
}
{
  message: "Erro no cadastro do cliente: Column 'id_endereco' cannot be null",
  level: 'error',
  timestamp: '2025-06-09T03:46:18.549Z'
}
{
  message: "Erro ao cadastrar usuário: Column 'id_endereco' cannot be null",
  level: 'error',
  timestamp: '2025-06-09T03:46:18.550Z'
}
{
  message: "Erro no cadastro do cliente: Unknown column 'cpf' in 'field list'",
  level: 'error',
  timestamp: '2025-06-09T03:54:30.046Z'
}
{
  message: "Erro ao cadastrar usuário: Unknown column 'cpf' in 'field list'",
  level: 'error',
  timestamp: '2025-06-09T03:54:30.049Z'
}
{
  message: "Erro no cadastro do cliente: Column 'id_endereco' cannot be null",
  level: 'error',
  timestamp: '2025-06-09T03:56:02.403Z'
}
{
  message: "Erro ao cadastrar usuário: Column 'id_endereco' cannot be null",
  level: 'error',
  timestamp: '2025-06-09T03:56:02.407Z'
}
{
  message: "Erro no cadastro do cliente: Column 'id_endereco' cannot be null",
  level: 'error',
  timestamp: '2025-06-09T03:58:02.519Z'
}
{
  message: "Erro ao cadastrar usuário: Column 'id_endereco' cannot be null",
  level: 'error',
  timestamp: '2025-06-09T03:58:02.522Z'
}
{
  message: 'Erro ao cadastrar usuário: AuthService.registerAddress is not a function',
  level: 'error',
  timestamp: '2025-06-09T04:01:22.060Z'
}
{
  message: 'Erro no cadastro do cliente: Email já cadastrado.',
  level: 'error',
  timestamp: '2025-06-09T04:03:01.910Z'
}
{
  message: 'Erro ao cadastrar usuário: Email já cadastrado.',
  level: 'error',
  timestamp: '2025-06-09T04:03:01.912Z'
}
{
  message: 'Erro no login: secretOrPrivateKey must have a value',
  level: 'error',
  timestamp: '2025-06-09T04:03:21.545Z'
}
{
  message: 'Erro ao fazer login: secretOrPrivateKey must have a value',
  level: 'error',
  timestamp: '2025-06-09T04:03:21.546Z'
}
{
  message: 'Erro no cadastro do cliente: Email inválido.',
  level: 'error',
  timestamp: '2025-06-09T05:35:40.592Z'
}
{
  message: 'Erro ao cadastrar usuário: Email inválido.',
  level: 'error',
  timestamp: '2025-06-09T05:35:40.593Z'
}
{
  message: 'Erro no login: secretOrPrivateKey must have a value',
  level: 'error',
  timestamp: '2025-06-10T04:19:01.962Z'
}
{
  message: 'Erro ao fazer login: secretOrPrivateKey must have a value',
  level: 'error',
  timestamp: '2025-06-10T04:19:01.981Z'
}
